<?xml version="1.0" encoding="UTF-8"?>
<!-- Generated by org.testng.reporters.JUnitReportReporter -->
<testsuite hostname="DESKTOP-ASDS5EB" failures="0" tests="2" name="stepDefinition.NewTest" time="0.021" errors="0" timestamp="2023-11-30T23:02:45 IST" skipped="0">
  <testcase classname="stepDefinition.NewTest" name="f" time="0.014"/>
  <system-out/>
  <testcase classname="stepDefinition.NewTest" name="f1" time="0.007"/>
  <system-out/>
</testsuite> <!-- stepDefinition.NewTest -->
